  [1m[36m (0.9ms)[0m  [1mCREATE TABLE "authors" ("id" INTEGER PRIMARY KEY AUTOINCREMENT NOT NULL, "name" varchar, "genre" varchar, "bio" text, "created_at" datetime NOT NULL, "updated_at" datetime NOT NULL) [0m
  [1m[35m (0.6ms)[0m  CREATE TABLE "posts" ("id" INTEGER PRIMARY KEY AUTOINCREMENT NOT NULL, "title" varchar, "description" text, "created_at" datetime NOT NULL, "updated_at" datetime NOT NULL, "post_status" boolean, "author_id" integer) 
  [1m[36m (0.8ms)[0m  [1mCREATE TABLE "schema_migrations" ("version" varchar NOT NULL) [0m
  [1m[35m (0.4ms)[0m  select sqlite_version(*)
  [1m[36m (0.6ms)[0m  [1mCREATE UNIQUE INDEX "unique_schema_migrations" ON "schema_migrations" ("version")[0m
  [1m[35m (0.1ms)[0m  SELECT version FROM "schema_migrations"
  [1m[36m (0.5ms)[0m  [1mINSERT INTO "schema_migrations" (version) VALUES ('20160113011820')[0m
  [1m[35m (0.9ms)[0m  INSERT INTO "schema_migrations" (version) VALUES ('20151230232412')
  [1m[36m (0.6ms)[0m  [1mINSERT INTO "schema_migrations" (version) VALUES ('20160113011041')[0m
  [1m[35m (0.6ms)[0m  INSERT INTO "schema_migrations" (version) VALUES ('20160113011150')
  [1m[36m (0.7ms)[0m  [1mCREATE TABLE "authors" ("id" INTEGER PRIMARY KEY AUTOINCREMENT NOT NULL, "name" varchar, "genre" varchar, "bio" text, "created_at" datetime NOT NULL, "updated_at" datetime NOT NULL) [0m
  [1m[35m (0.6ms)[0m  CREATE TABLE "posts" ("id" INTEGER PRIMARY KEY AUTOINCREMENT NOT NULL, "title" varchar, "description" text, "created_at" datetime NOT NULL, "updated_at" datetime NOT NULL, "post_status" boolean, "author_id" integer) 
  [1m[36m (0.6ms)[0m  [1mCREATE TABLE "schema_migrations" ("version" varchar NOT NULL) [0m
  [1m[35m (0.0ms)[0m  select sqlite_version(*)
  [1m[36m (0.6ms)[0m  [1mCREATE UNIQUE INDEX "unique_schema_migrations" ON "schema_migrations" ("version")[0m
  [1m[35m (0.1ms)[0m  SELECT version FROM "schema_migrations"
  [1m[36m (0.6ms)[0m  [1mINSERT INTO "schema_migrations" (version) VALUES ('20160113011820')[0m
  [1m[35m (0.7ms)[0m  INSERT INTO "schema_migrations" (version) VALUES ('20151230232412')
  [1m[36m (0.6ms)[0m  [1mINSERT INTO "schema_migrations" (version) VALUES ('20160113011041')[0m
  [1m[35m (0.6ms)[0m  INSERT INTO "schema_migrations" (version) VALUES ('20160113011150')
  [1m[36mActiveRecord::SchemaMigration Load (0.1ms)[0m  [1mSELECT "schema_migrations".* FROM "schema_migrations"[0m
  [1m[36m (0.1ms)[0m  [1mbegin transaction[0m
  [1m[35m (0.1ms)[0m  rollback transaction
  [1m[36m (0.1ms)[0m  [1mbegin transaction[0m
  [1m[35mSQL (0.4ms)[0m  INSERT INTO "posts" ("title", "description", "created_at", "updated_at") VALUES (?, ?, ?, ?)  [["title", "Testing"], ["description", "testing"], ["created_at", "2016-01-26 15:06:03.106369"], ["updated_at", "2016-01-26 15:06:03.106369"]]
  [1m[36m (0.7ms)[0m  [1mcommit transaction[0m


Started GET "/posts/new" for ::1 at 2019-05-24 08:03:31 -0400

ActiveRecord::PendingMigrationError (

Migrations are pending. To resolve this issue, run:

	bin/rake db:migrate RAILS_ENV=development

):
  activerecord (4.2.11.1) lib/active_record/migration.rb:392:in `check_pending!'
  activerecord (4.2.11.1) lib/active_record/migration.rb:373:in `call'
  actionpack (4.2.11.1) lib/action_dispatch/middleware/callbacks.rb:29:in `block in call'
  activesupport (4.2.11.1) lib/active_support/callbacks.rb:88:in `__run_callbacks__'
  activesupport (4.2.11.1) lib/active_support/callbacks.rb:778:in `_run_call_callbacks'
  activesupport (4.2.11.1) lib/active_support/callbacks.rb:81:in `run_callbacks'
  actionpack (4.2.11.1) lib/action_dispatch/middleware/callbacks.rb:27:in `call'
  actionpack (4.2.11.1) lib/action_dispatch/middleware/reloader.rb:73:in `call'
  actionpack (4.2.11.1) lib/action_dispatch/middleware/remote_ip.rb:78:in `call'
  actionpack (4.2.11.1) lib/action_dispatch/middleware/debug_exceptions.rb:17:in `call'
  web-console (2.3.0) lib/web_console/middleware.rb:28:in `block in call'
  web-console (2.3.0) lib/web_console/middleware.rb:18:in `catch'
  web-console (2.3.0) lib/web_console/middleware.rb:18:in `call'
  actionpack (4.2.11.1) lib/action_dispatch/middleware/show_exceptions.rb:30:in `call'
  railties (4.2.11.1) lib/rails/rack/logger.rb:38:in `call_app'
  railties (4.2.11.1) lib/rails/rack/logger.rb:20:in `block in call'
  activesupport (4.2.11.1) lib/active_support/tagged_logging.rb:68:in `block in tagged'
  activesupport (4.2.11.1) lib/active_support/tagged_logging.rb:26:in `tagged'
  activesupport (4.2.11.1) lib/active_support/tagged_logging.rb:68:in `tagged'
  railties (4.2.11.1) lib/rails/rack/logger.rb:20:in `call'
  actionpack (4.2.11.1) lib/action_dispatch/middleware/request_id.rb:21:in `call'
  rack (1.6.11) lib/rack/methodoverride.rb:22:in `call'
  rack (1.6.11) lib/rack/runtime.rb:18:in `call'
  activesupport (4.2.11.1) lib/active_support/cache/strategy/local_cache_middleware.rb:28:in `call'
  rack (1.6.11) lib/rack/lock.rb:17:in `call'
  actionpack (4.2.11.1) lib/action_dispatch/middleware/static.rb:120:in `call'
  rack (1.6.11) lib/rack/sendfile.rb:113:in `call'
  railties (4.2.11.1) lib/rails/engine.rb:518:in `call'
  railties (4.2.11.1) lib/rails/application.rb:165:in `call'
  rack (1.6.11) lib/rack/lock.rb:17:in `call'
  rack (1.6.11) lib/rack/content_length.rb:15:in `call'
  rack (1.6.11) lib/rack/handler/webrick.rb:88:in `service'
  /Users/kylefadigan/.rvm/rubies/ruby-2.5.1/lib/ruby/2.5.0/webrick/httpserver.rb:140:in `service'
  /Users/kylefadigan/.rvm/rubies/ruby-2.5.1/lib/ruby/2.5.0/webrick/httpserver.rb:96:in `run'
  /Users/kylefadigan/.rvm/rubies/ruby-2.5.1/lib/ruby/2.5.0/webrick/server.rb:307:in `block in start_thread'


  Rendered /Users/kylefadigan/.rvm/gems/ruby-2.5.1/gems/actionpack-4.2.11.1/lib/action_dispatch/middleware/templates/rescues/_source.erb (1.9ms)
  Rendered /Users/kylefadigan/.rvm/gems/ruby-2.5.1/gems/actionpack-4.2.11.1/lib/action_dispatch/middleware/templates/rescues/_trace.html.erb (1.1ms)
  Rendered /Users/kylefadigan/.rvm/gems/ruby-2.5.1/gems/actionpack-4.2.11.1/lib/action_dispatch/middleware/templates/rescues/_request_and_response.html.erb (0.7ms)
  Rendered /Users/kylefadigan/.rvm/gems/ruby-2.5.1/gems/actionpack-4.2.11.1/lib/action_dispatch/middleware/templates/rescues/diagnostics.html.erb within rescues/layout (73.2ms)
  Rendered /Users/kylefadigan/.rvm/gems/ruby-2.5.1/gems/web-console-2.3.0/lib/web_console/templates/_markup.html.erb (0.3ms)
  Rendered /Users/kylefadigan/.rvm/gems/ruby-2.5.1/gems/web-console-2.3.0/lib/web_console/templates/_inner_console_markup.html.erb within layouts/inlined_string (0.3ms)
  Rendered /Users/kylefadigan/.rvm/gems/ruby-2.5.1/gems/web-console-2.3.0/lib/web_console/templates/_prompt_box_markup.html.erb within layouts/inlined_string (0.3ms)
  Rendered /Users/kylefadigan/.rvm/gems/ruby-2.5.1/gems/web-console-2.3.0/lib/web_console/templates/style.css.erb within layouts/inlined_string (0.3ms)
  Rendered /Users/kylefadigan/.rvm/gems/ruby-2.5.1/gems/web-console-2.3.0/lib/web_console/templates/console.js.erb within layouts/javascript (71.6ms)
  Rendered /Users/kylefadigan/.rvm/gems/ruby-2.5.1/gems/web-console-2.3.0/lib/web_console/templates/main.js.erb within layouts/javascript (0.2ms)
  Rendered /Users/kylefadigan/.rvm/gems/ruby-2.5.1/gems/web-console-2.3.0/lib/web_console/templates/error_page.js.erb within layouts/javascript (0.3ms)
  Rendered /Users/kylefadigan/.rvm/gems/ruby-2.5.1/gems/web-console-2.3.0/lib/web_console/templates/index.html.erb (156.8ms)


Started GET "/posts/show" for ::1 at 2019-05-24 08:03:32 -0400

ActiveRecord::PendingMigrationError (

Migrations are pending. To resolve this issue, run:

	bin/rake db:migrate RAILS_ENV=development

):
  activerecord (4.2.11.1) lib/active_record/migration.rb:392:in `check_pending!'
  activerecord (4.2.11.1) lib/active_record/migration.rb:373:in `call'
  actionpack (4.2.11.1) lib/action_dispatch/middleware/callbacks.rb:29:in `block in call'
  activesupport (4.2.11.1) lib/active_support/callbacks.rb:88:in `__run_callbacks__'
  activesupport (4.2.11.1) lib/active_support/callbacks.rb:778:in `_run_call_callbacks'
  activesupport (4.2.11.1) lib/active_support/callbacks.rb:81:in `run_callbacks'
  actionpack (4.2.11.1) lib/action_dispatch/middleware/callbacks.rb:27:in `call'
  actionpack (4.2.11.1) lib/action_dispatch/middleware/reloader.rb:73:in `call'
  actionpack (4.2.11.1) lib/action_dispatch/middleware/remote_ip.rb:78:in `call'
  actionpack (4.2.11.1) lib/action_dispatch/middleware/debug_exceptions.rb:17:in `call'
  web-console (2.3.0) lib/web_console/middleware.rb:28:in `block in call'
  web-console (2.3.0) lib/web_console/middleware.rb:18:in `catch'
  web-console (2.3.0) lib/web_console/middleware.rb:18:in `call'
  actionpack (4.2.11.1) lib/action_dispatch/middleware/show_exceptions.rb:30:in `call'
  railties (4.2.11.1) lib/rails/rack/logger.rb:38:in `call_app'
  railties (4.2.11.1) lib/rails/rack/logger.rb:20:in `block in call'
  activesupport (4.2.11.1) lib/active_support/tagged_logging.rb:68:in `block in tagged'
  activesupport (4.2.11.1) lib/active_support/tagged_logging.rb:26:in `tagged'
  activesupport (4.2.11.1) lib/active_support/tagged_logging.rb:68:in `tagged'
  railties (4.2.11.1) lib/rails/rack/logger.rb:20:in `call'
  actionpack (4.2.11.1) lib/action_dispatch/middleware/request_id.rb:21:in `call'
  rack (1.6.11) lib/rack/methodoverride.rb:22:in `call'
  rack (1.6.11) lib/rack/runtime.rb:18:in `call'
  activesupport (4.2.11.1) lib/active_support/cache/strategy/local_cache_middleware.rb:28:in `call'
  rack (1.6.11) lib/rack/lock.rb:17:in `call'
  actionpack (4.2.11.1) lib/action_dispatch/middleware/static.rb:120:in `call'
  rack (1.6.11) lib/rack/sendfile.rb:113:in `call'
  railties (4.2.11.1) lib/rails/engine.rb:518:in `call'
  railties (4.2.11.1) lib/rails/application.rb:165:in `call'
  rack (1.6.11) lib/rack/lock.rb:17:in `call'
  rack (1.6.11) lib/rack/content_length.rb:15:in `call'
  rack (1.6.11) lib/rack/handler/webrick.rb:88:in `service'
  /Users/kylefadigan/.rvm/rubies/ruby-2.5.1/lib/ruby/2.5.0/webrick/httpserver.rb:140:in `service'
  /Users/kylefadigan/.rvm/rubies/ruby-2.5.1/lib/ruby/2.5.0/webrick/httpserver.rb:96:in `run'
  /Users/kylefadigan/.rvm/rubies/ruby-2.5.1/lib/ruby/2.5.0/webrick/server.rb:307:in `block in start_thread'


  Rendered /Users/kylefadigan/.rvm/gems/ruby-2.5.1/gems/actionpack-4.2.11.1/lib/action_dispatch/middleware/templates/rescues/_source.erb (1.4ms)
  Rendered /Users/kylefadigan/.rvm/gems/ruby-2.5.1/gems/actionpack-4.2.11.1/lib/action_dispatch/middleware/templates/rescues/_trace.html.erb (1.2ms)
  Rendered /Users/kylefadigan/.rvm/gems/ruby-2.5.1/gems/actionpack-4.2.11.1/lib/action_dispatch/middleware/templates/rescues/_request_and_response.html.erb (0.6ms)
  Rendered /Users/kylefadigan/.rvm/gems/ruby-2.5.1/gems/actionpack-4.2.11.1/lib/action_dispatch/middleware/templates/rescues/diagnostics.html.erb within rescues/layout (71.3ms)
  Rendered /Users/kylefadigan/.rvm/gems/ruby-2.5.1/gems/web-console-2.3.0/lib/web_console/templates/_markup.html.erb (0.4ms)
  Rendered /Users/kylefadigan/.rvm/gems/ruby-2.5.1/gems/web-console-2.3.0/lib/web_console/templates/_inner_console_markup.html.erb within layouts/inlined_string (0.2ms)
  Rendered /Users/kylefadigan/.rvm/gems/ruby-2.5.1/gems/web-console-2.3.0/lib/web_console/templates/_prompt_box_markup.html.erb within layouts/inlined_string (0.2ms)
  Rendered /Users/kylefadigan/.rvm/gems/ruby-2.5.1/gems/web-console-2.3.0/lib/web_console/templates/style.css.erb within layouts/inlined_string (0.2ms)
  Rendered /Users/kylefadigan/.rvm/gems/ruby-2.5.1/gems/web-console-2.3.0/lib/web_console/templates/console.js.erb within layouts/javascript (53.6ms)
  Rendered /Users/kylefadigan/.rvm/gems/ruby-2.5.1/gems/web-console-2.3.0/lib/web_console/templates/main.js.erb within layouts/javascript (0.3ms)
  Rendered /Users/kylefadigan/.rvm/gems/ruby-2.5.1/gems/web-console-2.3.0/lib/web_console/templates/error_page.js.erb within layouts/javascript (0.3ms)
  Rendered /Users/kylefadigan/.rvm/gems/ruby-2.5.1/gems/web-console-2.3.0/lib/web_console/templates/index.html.erb (136.1ms)
  [1m[36m (1.7ms)[0m  [1mCREATE TABLE "schema_migrations" ("version" varchar NOT NULL) [0m
  [1m[35m (0.1ms)[0m  select sqlite_version(*)
  [1m[36m (1.5ms)[0m  [1mCREATE UNIQUE INDEX "unique_schema_migrations" ON "schema_migrations" ("version")[0m
  [1m[35mActiveRecord::SchemaMigration Load (0.1ms)[0m  SELECT "schema_migrations".* FROM "schema_migrations"
Migrating to CreatePosts (20151230232412)
  [1m[36m (0.1ms)[0m  [1mbegin transaction[0m
  [1m[35m (0.5ms)[0m  CREATE TABLE "posts" ("id" INTEGER PRIMARY KEY AUTOINCREMENT NOT NULL, "title" varchar, "description" text, "created_at" datetime NOT NULL, "updated_at" datetime NOT NULL) 
  [1m[36mSQL (0.1ms)[0m  [1mINSERT INTO "schema_migrations" ("version") VALUES (?)[0m  [["version", "20151230232412"]]
  [1m[35m (0.7ms)[0m  commit transaction
Migrating to CreateAuthors (20160113011041)
  [1m[36m (0.0ms)[0m  [1mbegin transaction[0m
  [1m[35m (0.3ms)[0m  CREATE TABLE "authors" ("id" INTEGER PRIMARY KEY AUTOINCREMENT NOT NULL, "name" varchar, "genre" varchar, "bio" text, "created_at" datetime NOT NULL, "updated_at" datetime NOT NULL) 
  [1m[36mSQL (0.1ms)[0m  [1mINSERT INTO "schema_migrations" ("version") VALUES (?)[0m  [["version", "20160113011041"]]
  [1m[35m (0.8ms)[0m  commit transaction
Migrating to AddPostStatusToPosts (20160113011150)
  [1m[36m (0.0ms)[0m  [1mbegin transaction[0m
  [1m[35m (0.3ms)[0m  ALTER TABLE "posts" ADD "post_status" boolean
  [1m[36mSQL (0.1ms)[0m  [1mINSERT INTO "schema_migrations" ("version") VALUES (?)[0m  [["version", "20160113011150"]]
  [1m[35m (0.5ms)[0m  commit transaction
Migrating to AddAuthorIdToPosts (20160113011820)
  [1m[36m (0.0ms)[0m  [1mbegin transaction[0m
  [1m[35m (0.3ms)[0m  ALTER TABLE "posts" ADD "author_id" integer
  [1m[36mSQL (0.1ms)[0m  [1mINSERT INTO "schema_migrations" ("version") VALUES (?)[0m  [["version", "20160113011820"]]
  [1m[35m (0.6ms)[0m  commit transaction
  [1m[36mActiveRecord::SchemaMigration Load (0.1ms)[0m  [1mSELECT "schema_migrations".* FROM "schema_migrations"[0m
  [1m[36mActiveRecord::SchemaMigration Load (0.1ms)[0m  [1mSELECT "schema_migrations".* FROM "schema_migrations"[0m
  [1m[35mActiveRecord::SchemaMigration Load (0.0ms)[0m  SELECT "schema_migrations".* FROM "schema_migrations"


Started GET "/posts/show" for ::1 at 2019-05-24 08:04:11 -0400
  [1m[36mActiveRecord::SchemaMigration Load (0.1ms)[0m  [1mSELECT "schema_migrations".* FROM "schema_migrations"[0m
Processing by PostsController#show as HTML
  Parameters: {"id"=>"show"}
  [1m[35mPost Load (0.1ms)[0m  SELECT  "posts".* FROM "posts" WHERE "posts"."id" = ? LIMIT 1  [["id", 0]]
Completed 404 Not Found in 19ms (ActiveRecord: 0.5ms)

ActiveRecord::RecordNotFound (Couldn't find Post with 'id'=show):
  app/controllers/posts_controller.rb:9:in `show'


  Rendered /Users/kylefadigan/.rvm/gems/ruby-2.5.1/gems/actionpack-4.2.11.1/lib/action_dispatch/middleware/templates/rescues/_source.erb (2.6ms)
  Rendered /Users/kylefadigan/.rvm/gems/ruby-2.5.1/gems/actionpack-4.2.11.1/lib/action_dispatch/middleware/templates/rescues/_trace.html.erb (1.4ms)
  Rendered /Users/kylefadigan/.rvm/gems/ruby-2.5.1/gems/actionpack-4.2.11.1/lib/action_dispatch/middleware/templates/rescues/_request_and_response.html.erb (0.7ms)
  Rendered /Users/kylefadigan/.rvm/gems/ruby-2.5.1/gems/actionpack-4.2.11.1/lib/action_dispatch/middleware/templates/rescues/diagnostics.html.erb within rescues/layout (65.5ms)
  Rendered /Users/kylefadigan/.rvm/gems/ruby-2.5.1/gems/web-console-2.3.0/lib/web_console/templates/_markup.html.erb (0.3ms)
  Rendered /Users/kylefadigan/.rvm/gems/ruby-2.5.1/gems/web-console-2.3.0/lib/web_console/templates/_inner_console_markup.html.erb within layouts/inlined_string (0.2ms)
  Rendered /Users/kylefadigan/.rvm/gems/ruby-2.5.1/gems/web-console-2.3.0/lib/web_console/templates/_prompt_box_markup.html.erb within layouts/inlined_string (0.3ms)
  Rendered /Users/kylefadigan/.rvm/gems/ruby-2.5.1/gems/web-console-2.3.0/lib/web_console/templates/style.css.erb within layouts/inlined_string (0.2ms)
  Rendered /Users/kylefadigan/.rvm/gems/ruby-2.5.1/gems/web-console-2.3.0/lib/web_console/templates/console.js.erb within layouts/javascript (54.8ms)
  Rendered /Users/kylefadigan/.rvm/gems/ruby-2.5.1/gems/web-console-2.3.0/lib/web_console/templates/main.js.erb within layouts/javascript (0.2ms)
  Rendered /Users/kylefadigan/.rvm/gems/ruby-2.5.1/gems/web-console-2.3.0/lib/web_console/templates/error_page.js.erb within layouts/javascript (0.3ms)
  Rendered /Users/kylefadigan/.rvm/gems/ruby-2.5.1/gems/web-console-2.3.0/lib/web_console/templates/index.html.erb (129.6ms)


Started GET "/posts" for ::1 at 2019-05-24 08:05:19 -0400
Processing by PostsController#index as HTML
  [1m[36mPost Load (0.1ms)[0m  [1mSELECT "posts".* FROM "posts"[0m
  Rendered posts/index.html.erb within layouts/application (0.7ms)
Completed 200 OK in 689ms (Views: 688.1ms | ActiveRecord: 0.1ms)


Started GET "/assets/authors.self-e3b0c44298fc1c149afbf4c8996fb92427ae41e4649b934ca495991b7852b855.css?body=1" for ::1 at 2019-05-24 08:05:20 -0400


Started GET "/assets/jquery.self-bd7ddd393353a8d2480a622e80342adf488fb6006d667e8b42e4c0073393abee.js?body=1" for ::1 at 2019-05-24 08:05:20 -0400


Started GET "/assets/authors.self-877aef30ae1b040ab8a3aba4e3e309a11d7f2612f44dde450b5c157aa5f95c05.js?body=1" for ::1 at 2019-05-24 08:05:20 -0400
  [1m[36mActiveRecord::SchemaMigration Load (0.1ms)[0m  [1mSELECT "schema_migrations".* FROM "schema_migrations"[0m
  [1m[35mActiveRecord::SchemaMigration Load (0.0ms)[0m  SELECT "schema_migrations".* FROM "schema_migrations"


Started GET "/posts/new" for ::1 at 2019-05-24 08:06:52 -0400
  [1m[36mActiveRecord::SchemaMigration Load (0.1ms)[0m  [1mSELECT "schema_migrations".* FROM "schema_migrations"[0m
Processing by PostsController#new as HTML
  Rendered posts/new.html.erb within layouts/application (15.7ms)
Completed 200 OK in 210ms (Views: 196.1ms | ActiveRecord: 0.3ms)


Started POST "/posts" for ::1 at 2019-05-24 08:06:59 -0400
Processing by PostsController#create as HTML
  Parameters: {"utf8"=>"✓", "authenticity_token"=>"k233F/v8gqR7gpS5FdMU0LCntgWfmJyLS7IvPkywoPtiJwy/hJRmPkfO1Uco1dW61CLxAbSddMIO/52NtY42eA==", "post"=>{"title"=>"TItle", "description"=>"Desc\r\n"}, "commit"=>"Create Post"}
Completed 500 Internal Server Error in 5ms (ActiveRecord: 0.0ms)

ActiveRecord::UnknownAttributeError (unknown attribute 'utf8' for Post.):
  app/controllers/posts_controller.rb:17:in `create'


  Rendered /Users/kylefadigan/.rvm/gems/ruby-2.5.1/gems/actionpack-4.2.11.1/lib/action_dispatch/middleware/templates/rescues/_source.erb (3.0ms)
  Rendered /Users/kylefadigan/.rvm/gems/ruby-2.5.1/gems/actionpack-4.2.11.1/lib/action_dispatch/middleware/templates/rescues/_trace.html.erb (1.6ms)
  Rendered /Users/kylefadigan/.rvm/gems/ruby-2.5.1/gems/actionpack-4.2.11.1/lib/action_dispatch/middleware/templates/rescues/_request_and_response.html.erb (0.7ms)
  Rendered /Users/kylefadigan/.rvm/gems/ruby-2.5.1/gems/actionpack-4.2.11.1/lib/action_dispatch/middleware/templates/rescues/diagnostics.html.erb within rescues/layout (66.5ms)
  Rendered /Users/kylefadigan/.rvm/gems/ruby-2.5.1/gems/web-console-2.3.0/lib/web_console/templates/_markup.html.erb (0.3ms)
  Rendered /Users/kylefadigan/.rvm/gems/ruby-2.5.1/gems/web-console-2.3.0/lib/web_console/templates/_inner_console_markup.html.erb within layouts/inlined_string (0.3ms)
  Rendered /Users/kylefadigan/.rvm/gems/ruby-2.5.1/gems/web-console-2.3.0/lib/web_console/templates/_prompt_box_markup.html.erb within layouts/inlined_string (0.4ms)
  Rendered /Users/kylefadigan/.rvm/gems/ruby-2.5.1/gems/web-console-2.3.0/lib/web_console/templates/style.css.erb within layouts/inlined_string (0.4ms)
  Rendered /Users/kylefadigan/.rvm/gems/ruby-2.5.1/gems/web-console-2.3.0/lib/web_console/templates/console.js.erb within layouts/javascript (57.4ms)
  Rendered /Users/kylefadigan/.rvm/gems/ruby-2.5.1/gems/web-console-2.3.0/lib/web_console/templates/main.js.erb within layouts/javascript (0.2ms)
  Rendered /Users/kylefadigan/.rvm/gems/ruby-2.5.1/gems/web-console-2.3.0/lib/web_console/templates/error_page.js.erb within layouts/javascript (0.3ms)
  Rendered /Users/kylefadigan/.rvm/gems/ruby-2.5.1/gems/web-console-2.3.0/lib/web_console/templates/index.html.erb (130.8ms)


Started GET "/posts" for ::1 at 2019-05-24 08:08:30 -0400
Processing by PostsController#index as HTML
  [1m[35mPost Load (0.1ms)[0m  SELECT "posts".* FROM "posts"
  Rendered posts/index.html.erb within layouts/application (0.8ms)
Completed 200 OK in 15ms (Views: 14.3ms | ActiveRecord: 0.1ms)


Started GET "/posts/new" for ::1 at 2019-05-24 08:08:34 -0400
Processing by PostsController#new as HTML
  Rendered posts/new.html.erb within layouts/application (0.7ms)
Completed 200 OK in 16ms (Views: 15.5ms | ActiveRecord: 0.0ms)


Started POST "/posts" for ::1 at 2019-05-24 08:08:45 -0400
Processing by PostsController#create as HTML
  Parameters: {"utf8"=>"✓", "authenticity_token"=>"aFFDjrJUG/KNB9nYJBRN9evWmNjmPnY2WYaB5jpbpsWZG7gmzTz/aLFLmCYZEoyfj1Pf3M07nn8cyzNVw2UwRg==", "post"=>{"title"=>"Title", "description"=>"afsads asffadsfsa fasfsafasdsa"}, "commit"=>"Create Post"}
Completed 500 Internal Server Error in 5ms (ActiveRecord: 0.0ms)

ActiveRecord::UnknownAttributeError (unknown attribute 'utf8' for Post.):
  app/controllers/posts_controller.rb:17:in `create'


  Rendered /Users/kylefadigan/.rvm/gems/ruby-2.5.1/gems/actionpack-4.2.11.1/lib/action_dispatch/middleware/templates/rescues/_source.erb (3.0ms)
  Rendered /Users/kylefadigan/.rvm/gems/ruby-2.5.1/gems/actionpack-4.2.11.1/lib/action_dispatch/middleware/templates/rescues/_trace.html.erb (1.7ms)
  Rendered /Users/kylefadigan/.rvm/gems/ruby-2.5.1/gems/actionpack-4.2.11.1/lib/action_dispatch/middleware/templates/rescues/_request_and_response.html.erb (0.7ms)
  Rendered /Users/kylefadigan/.rvm/gems/ruby-2.5.1/gems/actionpack-4.2.11.1/lib/action_dispatch/middleware/templates/rescues/diagnostics.html.erb within rescues/layout (65.7ms)
  Rendered /Users/kylefadigan/.rvm/gems/ruby-2.5.1/gems/web-console-2.3.0/lib/web_console/templates/_markup.html.erb (0.3ms)
  Rendered /Users/kylefadigan/.rvm/gems/ruby-2.5.1/gems/web-console-2.3.0/lib/web_console/templates/_inner_console_markup.html.erb within layouts/inlined_string (0.3ms)
  Rendered /Users/kylefadigan/.rvm/gems/ruby-2.5.1/gems/web-console-2.3.0/lib/web_console/templates/_prompt_box_markup.html.erb within layouts/inlined_string (0.2ms)
  Rendered /Users/kylefadigan/.rvm/gems/ruby-2.5.1/gems/web-console-2.3.0/lib/web_console/templates/style.css.erb within layouts/inlined_string (0.3ms)
  Rendered /Users/kylefadigan/.rvm/gems/ruby-2.5.1/gems/web-console-2.3.0/lib/web_console/templates/console.js.erb within layouts/javascript (55.8ms)
  Rendered /Users/kylefadigan/.rvm/gems/ruby-2.5.1/gems/web-console-2.3.0/lib/web_console/templates/main.js.erb within layouts/javascript (0.2ms)
  Rendered /Users/kylefadigan/.rvm/gems/ruby-2.5.1/gems/web-console-2.3.0/lib/web_console/templates/error_page.js.erb within layouts/javascript (0.2ms)
  Rendered /Users/kylefadigan/.rvm/gems/ruby-2.5.1/gems/web-console-2.3.0/lib/web_console/templates/index.html.erb (125.3ms)


Started GET "/posts/new" for ::1 at 2019-05-24 08:09:24 -0400
Processing by PostsController#new as HTML
  Rendered posts/new.html.erb within layouts/application (1.2ms)
Completed 200 OK in 17ms (Views: 16.2ms | ActiveRecord: 0.0ms)


Started GET "/posts/show/1" for ::1 at 2019-05-24 08:09:27 -0400

ActionController::RoutingError (No route matches [GET] "/posts/show/1"):
  actionpack (4.2.11.1) lib/action_dispatch/middleware/debug_exceptions.rb:21:in `call'
  web-console (2.3.0) lib/web_console/middleware.rb:28:in `block in call'
  web-console (2.3.0) lib/web_console/middleware.rb:18:in `catch'
  web-console (2.3.0) lib/web_console/middleware.rb:18:in `call'
  actionpack (4.2.11.1) lib/action_dispatch/middleware/show_exceptions.rb:30:in `call'
  railties (4.2.11.1) lib/rails/rack/logger.rb:38:in `call_app'
  railties (4.2.11.1) lib/rails/rack/logger.rb:20:in `block in call'
  activesupport (4.2.11.1) lib/active_support/tagged_logging.rb:68:in `block in tagged'
  activesupport (4.2.11.1) lib/active_support/tagged_logging.rb:26:in `tagged'
  activesupport (4.2.11.1) lib/active_support/tagged_logging.rb:68:in `tagged'
  railties (4.2.11.1) lib/rails/rack/logger.rb:20:in `call'
  actionpack (4.2.11.1) lib/action_dispatch/middleware/request_id.rb:21:in `call'
  rack (1.6.11) lib/rack/methodoverride.rb:22:in `call'
  rack (1.6.11) lib/rack/runtime.rb:18:in `call'
  activesupport (4.2.11.1) lib/active_support/cache/strategy/local_cache_middleware.rb:28:in `call'
  rack (1.6.11) lib/rack/lock.rb:17:in `call'
  actionpack (4.2.11.1) lib/action_dispatch/middleware/static.rb:120:in `call'
  rack (1.6.11) lib/rack/sendfile.rb:113:in `call'
  railties (4.2.11.1) lib/rails/engine.rb:518:in `call'
  railties (4.2.11.1) lib/rails/application.rb:165:in `call'
  rack (1.6.11) lib/rack/lock.rb:17:in `call'
  rack (1.6.11) lib/rack/content_length.rb:15:in `call'
  rack (1.6.11) lib/rack/handler/webrick.rb:88:in `service'
  /Users/kylefadigan/.rvm/rubies/ruby-2.5.1/lib/ruby/2.5.0/webrick/httpserver.rb:140:in `service'
  /Users/kylefadigan/.rvm/rubies/ruby-2.5.1/lib/ruby/2.5.0/webrick/httpserver.rb:96:in `run'
  /Users/kylefadigan/.rvm/rubies/ruby-2.5.1/lib/ruby/2.5.0/webrick/server.rb:307:in `block in start_thread'


  Rendered /Users/kylefadigan/.rvm/gems/ruby-2.5.1/gems/actionpack-4.2.11.1/lib/action_dispatch/middleware/templates/rescues/_trace.html.erb (0.9ms)
  Rendered /Users/kylefadigan/.rvm/gems/ruby-2.5.1/gems/actionpack-4.2.11.1/lib/action_dispatch/middleware/templates/routes/_route.html.erb (0.6ms)
  Rendered /Users/kylefadigan/.rvm/gems/ruby-2.5.1/gems/actionpack-4.2.11.1/lib/action_dispatch/middleware/templates/routes/_table.html.erb (2.3ms)
  Rendered /Users/kylefadigan/.rvm/gems/ruby-2.5.1/gems/actionpack-4.2.11.1/lib/action_dispatch/middleware/templates/rescues/_request_and_response.html.erb (0.9ms)
  Rendered /Users/kylefadigan/.rvm/gems/ruby-2.5.1/gems/actionpack-4.2.11.1/lib/action_dispatch/middleware/templates/rescues/routing_error.html.erb within rescues/layout (90.6ms)
  Rendered /Users/kylefadigan/.rvm/gems/ruby-2.5.1/gems/web-console-2.3.0/lib/web_console/templates/_markup.html.erb (0.2ms)
  Rendered /Users/kylefadigan/.rvm/gems/ruby-2.5.1/gems/web-console-2.3.0/lib/web_console/templates/_inner_console_markup.html.erb within layouts/inlined_string (0.2ms)
  Rendered /Users/kylefadigan/.rvm/gems/ruby-2.5.1/gems/web-console-2.3.0/lib/web_console/templates/_prompt_box_markup.html.erb within layouts/inlined_string (0.2ms)
  Rendered /Users/kylefadigan/.rvm/gems/ruby-2.5.1/gems/web-console-2.3.0/lib/web_console/templates/style.css.erb within layouts/inlined_string (0.2ms)
  Rendered /Users/kylefadigan/.rvm/gems/ruby-2.5.1/gems/web-console-2.3.0/lib/web_console/templates/console.js.erb within layouts/javascript (49.7ms)
  Rendered /Users/kylefadigan/.rvm/gems/ruby-2.5.1/gems/web-console-2.3.0/lib/web_console/templates/main.js.erb within layouts/javascript (0.2ms)
  Rendered /Users/kylefadigan/.rvm/gems/ruby-2.5.1/gems/web-console-2.3.0/lib/web_console/templates/error_page.js.erb within layouts/javascript (0.3ms)
  Rendered /Users/kylefadigan/.rvm/gems/ruby-2.5.1/gems/web-console-2.3.0/lib/web_console/templates/index.html.erb (108.6ms)


Started GET "/posts" for ::1 at 2019-05-24 08:09:43 -0400
Processing by PostsController#index as HTML
  [1m[36mPost Load (0.1ms)[0m  [1mSELECT "posts".* FROM "posts"[0m
  Rendered posts/index.html.erb within layouts/application (0.4ms)
Completed 200 OK in 14ms (Views: 13.5ms | ActiveRecord: 0.1ms)
  [1m[36mActiveRecord::SchemaMigration Load (0.1ms)[0m  [1mSELECT "schema_migrations".* FROM "schema_migrations"[0m
  [1m[35mActiveRecord::SchemaMigration Load (0.1ms)[0m  SELECT "schema_migrations".* FROM "schema_migrations"
  [1m[36m (1.5ms)[0m  [1mCREATE TABLE "schema_migrations" ("version" varchar NOT NULL) [0m
  [1m[35m (0.1ms)[0m  select sqlite_version(*)
  [1m[36m (0.9ms)[0m  [1mCREATE UNIQUE INDEX "unique_schema_migrations" ON "schema_migrations" ("version")[0m
  [1m[35mActiveRecord::SchemaMigration Load (0.0ms)[0m  SELECT "schema_migrations".* FROM "schema_migrations"
Migrating to CreatePosts (20151230232412)
  [1m[36m (0.0ms)[0m  [1mbegin transaction[0m
  [1m[35m (0.3ms)[0m  CREATE TABLE "posts" ("id" INTEGER PRIMARY KEY AUTOINCREMENT NOT NULL, "title" varchar, "description" text, "created_at" datetime NOT NULL, "updated_at" datetime NOT NULL) 
  [1m[36mSQL (0.1ms)[0m  [1mINSERT INTO "schema_migrations" ("version") VALUES (?)[0m  [["version", "20151230232412"]]
  [1m[35m (1.3ms)[0m  commit transaction
Migrating to CreateAuthors (20160113011041)
  [1m[36m (0.0ms)[0m  [1mbegin transaction[0m
  [1m[35m (0.3ms)[0m  CREATE TABLE "authors" ("id" INTEGER PRIMARY KEY AUTOINCREMENT NOT NULL, "name" varchar, "genre" varchar, "bio" text, "created_at" datetime NOT NULL, "updated_at" datetime NOT NULL) 
  [1m[36mSQL (0.1ms)[0m  [1mINSERT INTO "schema_migrations" ("version") VALUES (?)[0m  [["version", "20160113011041"]]
  [1m[35m (0.7ms)[0m  commit transaction
Migrating to AddPostStatusToPosts (20160113011150)
  [1m[36m (0.0ms)[0m  [1mbegin transaction[0m
  [1m[35m (0.3ms)[0m  ALTER TABLE "posts" ADD "post_status" boolean
  [1m[36mSQL (0.1ms)[0m  [1mINSERT INTO "schema_migrations" ("version") VALUES (?)[0m  [["version", "20160113011150"]]
  [1m[35m (0.5ms)[0m  commit transaction
Migrating to AddAuthorIdToPosts (20160113011820)
  [1m[36m (0.0ms)[0m  [1mbegin transaction[0m
  [1m[35m (0.3ms)[0m  ALTER TABLE "posts" ADD "author_id" integer
  [1m[36mSQL (0.1ms)[0m  [1mINSERT INTO "schema_migrations" ("version") VALUES (?)[0m  [["version", "20160113011820"]]
  [1m[35m (0.7ms)[0m  commit transaction
  [1m[36mActiveRecord::SchemaMigration Load (0.1ms)[0m  [1mSELECT "schema_migrations".* FROM "schema_migrations"[0m


Started GET "/posts" for ::1 at 2019-05-24 08:13:35 -0400
  [1m[36mActiveRecord::SchemaMigration Load (0.1ms)[0m  [1mSELECT "schema_migrations".* FROM "schema_migrations"[0m
Processing by PostsController#index as HTML
  [1m[35mPost Load (0.1ms)[0m  SELECT "posts".* FROM "posts"
  Rendered posts/index.html.erb within layouts/application (2.6ms)
Completed 200 OK in 196ms (Views: 186.3ms | ActiveRecord: 0.2ms)


Started GET "/posts" for ::1 at 2019-05-24 08:14:28 -0400
Processing by PostsController#index as HTML
  [1m[36mPost Load (0.1ms)[0m  [1mSELECT "posts".* FROM "posts"[0m
  Rendered posts/index.html.erb within layouts/application (0.7ms)
Completed 200 OK in 15ms (Views: 14.1ms | ActiveRecord: 0.1ms)


Started GET "/posts/new" for ::1 at 2019-05-24 08:15:02 -0400
Processing by PostsController#new as HTML
  Rendered posts/new.html.erb within layouts/application (14.5ms)
Completed 200 OK in 33ms (Views: 28.9ms | ActiveRecord: 0.2ms)


Started POST "/posts" for ::1 at 2019-05-24 08:15:09 -0400
Processing by PostsController#create as HTML
  Parameters: {"utf8"=>"✓", "authenticity_token"=>"cbpBBKJLSjCfJeAWYCXrt2ITgOkm9BKGwEFp9lWyWU2A8Lqs3SOuqqNpoehdIyrdBpbH7Q3x+s+FDNtFrIzPzg==", "post"=>{"title"=>"Title", "description"=>"asdf"}, "commit"=>"Create Post"}
Completed 500 Internal Server Error in 5ms (ActiveRecord: 0.0ms)

ActiveRecord::UnknownAttributeError (unknown attribute 'utf8' for Post.):
  app/controllers/posts_controller.rb:17:in `create'


  Rendered /Users/kylefadigan/.rvm/gems/ruby-2.5.1/gems/actionpack-4.2.11.1/lib/action_dispatch/middleware/templates/rescues/_source.erb (3.0ms)
  Rendered /Users/kylefadigan/.rvm/gems/ruby-2.5.1/gems/actionpack-4.2.11.1/lib/action_dispatch/middleware/templates/rescues/_trace.html.erb (1.6ms)
  Rendered /Users/kylefadigan/.rvm/gems/ruby-2.5.1/gems/actionpack-4.2.11.1/lib/action_dispatch/middleware/templates/rescues/_request_and_response.html.erb (0.8ms)
  Rendered /Users/kylefadigan/.rvm/gems/ruby-2.5.1/gems/actionpack-4.2.11.1/lib/action_dispatch/middleware/templates/rescues/diagnostics.html.erb within rescues/layout (68.0ms)
  Rendered /Users/kylefadigan/.rvm/gems/ruby-2.5.1/gems/web-console-2.3.0/lib/web_console/templates/_markup.html.erb (0.3ms)
  Rendered /Users/kylefadigan/.rvm/gems/ruby-2.5.1/gems/web-console-2.3.0/lib/web_console/templates/_inner_console_markup.html.erb within layouts/inlined_string (0.3ms)
  Rendered /Users/kylefadigan/.rvm/gems/ruby-2.5.1/gems/web-console-2.3.0/lib/web_console/templates/_prompt_box_markup.html.erb within layouts/inlined_string (0.4ms)
  Rendered /Users/kylefadigan/.rvm/gems/ruby-2.5.1/gems/web-console-2.3.0/lib/web_console/templates/style.css.erb within layouts/inlined_string (0.3ms)
  Rendered /Users/kylefadigan/.rvm/gems/ruby-2.5.1/gems/web-console-2.3.0/lib/web_console/templates/console.js.erb within layouts/javascript (58.4ms)
  Rendered /Users/kylefadigan/.rvm/gems/ruby-2.5.1/gems/web-console-2.3.0/lib/web_console/templates/main.js.erb within layouts/javascript (0.3ms)
  Rendered /Users/kylefadigan/.rvm/gems/ruby-2.5.1/gems/web-console-2.3.0/lib/web_console/templates/error_page.js.erb within layouts/javascript (0.3ms)
  Rendered /Users/kylefadigan/.rvm/gems/ruby-2.5.1/gems/web-console-2.3.0/lib/web_console/templates/index.html.erb (135.0ms)


Started POST "/posts" for ::1 at 2019-05-24 08:15:36 -0400
Processing by PostsController#create as HTML
  Parameters: {"utf8"=>"✓", "authenticity_token"=>"cbpBBKJLSjCfJeAWYCXrt2ITgOkm9BKGwEFp9lWyWU2A8Lqs3SOuqqNpoehdIyrdBpbH7Q3x+s+FDNtFrIzPzg==", "post"=>{"title"=>"Title", "description"=>"asdf"}, "commit"=>"Create Post"}
Completed 500 Internal Server Error in 1ms (ActiveRecord: 0.0ms)

NoMethodError (undefined method `pry' for #<Binding:0x00007fa8383e2690>
Did you mean?  try):
  app/controllers/posts_controller.rb:17:in `create'


  Rendered /Users/kylefadigan/.rvm/gems/ruby-2.5.1/gems/actionpack-4.2.11.1/lib/action_dispatch/middleware/templates/rescues/_source.erb (2.8ms)
  Rendered /Users/kylefadigan/.rvm/gems/ruby-2.5.1/gems/actionpack-4.2.11.1/lib/action_dispatch/middleware/templates/rescues/_trace.html.erb (1.5ms)
  Rendered /Users/kylefadigan/.rvm/gems/ruby-2.5.1/gems/actionpack-4.2.11.1/lib/action_dispatch/middleware/templates/rescues/_request_and_response.html.erb (0.7ms)
  Rendered /Users/kylefadigan/.rvm/gems/ruby-2.5.1/gems/actionpack-4.2.11.1/lib/action_dispatch/middleware/templates/rescues/diagnostics.html.erb within rescues/layout (67.9ms)
  Rendered /Users/kylefadigan/.rvm/gems/ruby-2.5.1/gems/web-console-2.3.0/lib/web_console/templates/_markup.html.erb (0.3ms)
  Rendered /Users/kylefadigan/.rvm/gems/ruby-2.5.1/gems/web-console-2.3.0/lib/web_console/templates/_inner_console_markup.html.erb within layouts/inlined_string (0.3ms)
  Rendered /Users/kylefadigan/.rvm/gems/ruby-2.5.1/gems/web-console-2.3.0/lib/web_console/templates/_prompt_box_markup.html.erb within layouts/inlined_string (0.3ms)
  Rendered /Users/kylefadigan/.rvm/gems/ruby-2.5.1/gems/web-console-2.3.0/lib/web_console/templates/style.css.erb within layouts/inlined_string (0.3ms)
  Rendered /Users/kylefadigan/.rvm/gems/ruby-2.5.1/gems/web-console-2.3.0/lib/web_console/templates/console.js.erb within layouts/javascript (57.6ms)
  Rendered /Users/kylefadigan/.rvm/gems/ruby-2.5.1/gems/web-console-2.3.0/lib/web_console/templates/main.js.erb within layouts/javascript (0.3ms)
  Rendered /Users/kylefadigan/.rvm/gems/ruby-2.5.1/gems/web-console-2.3.0/lib/web_console/templates/error_page.js.erb within layouts/javascript (0.3ms)
  Rendered /Users/kylefadigan/.rvm/gems/ruby-2.5.1/gems/web-console-2.3.0/lib/web_console/templates/index.html.erb (130.8ms)


Started POST "/posts" for ::1 at 2019-05-24 08:16:14 -0400
  [1m[36mActiveRecord::SchemaMigration Load (0.1ms)[0m  [1mSELECT "schema_migrations".* FROM "schema_migrations"[0m
Processing by PostsController#create as HTML
  Parameters: {"utf8"=>"✓", "authenticity_token"=>"cbpBBKJLSjCfJeAWYCXrt2ITgOkm9BKGwEFp9lWyWU2A8Lqs3SOuqqNpoehdIyrdBpbH7Q3x+s+FDNtFrIzPzg==", "post"=>{"title"=>"Title", "description"=>"asdf"}, "commit"=>"Create Post"}
Completed 500 Internal Server Error in 90090ms (ActiveRecord: 0.3ms)

ActiveRecord::UnknownAttributeError (unknown attribute 'utf8' for Post.):
  app/controllers/posts_controller.rb:18:in `create'


  Rendered /Users/kylefadigan/.rvm/gems/ruby-2.5.1/gems/actionpack-4.2.11.1/lib/action_dispatch/middleware/templates/rescues/_source.erb (3.7ms)
  Rendered /Users/kylefadigan/.rvm/gems/ruby-2.5.1/gems/actionpack-4.2.11.1/lib/action_dispatch/middleware/templates/rescues/_trace.html.erb (1.6ms)
  Rendered /Users/kylefadigan/.rvm/gems/ruby-2.5.1/gems/actionpack-4.2.11.1/lib/action_dispatch/middleware/templates/rescues/_request_and_response.html.erb (1.0ms)
  Rendered /Users/kylefadigan/.rvm/gems/ruby-2.5.1/gems/actionpack-4.2.11.1/lib/action_dispatch/middleware/templates/rescues/diagnostics.html.erb within rescues/layout (70.8ms)
  Rendered /Users/kylefadigan/.rvm/gems/ruby-2.5.1/gems/web-console-2.3.0/lib/web_console/templates/_markup.html.erb (0.3ms)
  Rendered /Users/kylefadigan/.rvm/gems/ruby-2.5.1/gems/web-console-2.3.0/lib/web_console/templates/_inner_console_markup.html.erb within layouts/inlined_string (0.3ms)
  Rendered /Users/kylefadigan/.rvm/gems/ruby-2.5.1/gems/web-console-2.3.0/lib/web_console/templates/_prompt_box_markup.html.erb within layouts/inlined_string (0.5ms)
  Rendered /Users/kylefadigan/.rvm/gems/ruby-2.5.1/gems/web-console-2.3.0/lib/web_console/templates/style.css.erb within layouts/inlined_string (0.3ms)
  Rendered /Users/kylefadigan/.rvm/gems/ruby-2.5.1/gems/web-console-2.3.0/lib/web_console/templates/console.js.erb within layouts/javascript (71.6ms)
  Rendered /Users/kylefadigan/.rvm/gems/ruby-2.5.1/gems/web-console-2.3.0/lib/web_console/templates/main.js.erb within layouts/javascript (0.3ms)
  Rendered /Users/kylefadigan/.rvm/gems/ruby-2.5.1/gems/web-console-2.3.0/lib/web_console/templates/error_page.js.erb within layouts/javascript (0.3ms)
  Rendered /Users/kylefadigan/.rvm/gems/ruby-2.5.1/gems/web-console-2.3.0/lib/web_console/templates/index.html.erb (150.9ms)


Started GET "/posts/new" for ::1 at 2019-05-24 08:17:48 -0400
Processing by PostsController#new as HTML
  Rendered posts/new.html.erb within layouts/application (11.8ms)
Completed 200 OK in 171ms (Views: 162.8ms | ActiveRecord: 0.8ms)


Started POST "/posts" for ::1 at 2019-05-24 08:17:58 -0400
Processing by PostsController#create as HTML
  Parameters: {"utf8"=>"✓", "authenticity_token"=>"r6/HFib5QixnjW2MJ22dM1otf7OVU2wdNJhnNmR631Be5Ty+WZGmtlvBLHIaa1xZPqg4t75WhFRx1dWFnURJ0w==", "post"=>{"title"=>"Title", "description"=>"decripgion"}, "commit"=>"Create Post"}
  [1m[35m (0.1ms)[0m  begin transaction
  [1m[36mSQL (0.5ms)[0m  [1mINSERT INTO "posts" ("title", "description", "created_at", "updated_at") VALUES (?, ?, ?, ?)[0m  [["title", "Title"], ["description", "decripgion"], ["created_at", "2019-05-24 12:17:58.070669"], ["updated_at", "2019-05-24 12:17:58.070669"]]
  [1m[35m (0.7ms)[0m  commit transaction
Redirected to http://localhost:3000/posts/1
Completed 302 Found in 5ms (ActiveRecord: 1.3ms)


Started GET "/posts/1" for ::1 at 2019-05-24 08:17:58 -0400
Processing by PostsController#show as HTML
  Parameters: {"id"=>"1"}
  [1m[36mPost Load (0.2ms)[0m  [1mSELECT  "posts".* FROM "posts" WHERE "posts"."id" = ? LIMIT 1[0m  [["id", 1]]
  Rendered posts/show.html.erb within layouts/application (0.7ms)
Completed 200 OK in 23ms (Views: 17.4ms | ActiveRecord: 0.2ms)


Started GET "/posts/1" for ::1 at 2019-05-24 08:19:48 -0400
Processing by PostsController#show as HTML
  Parameters: {"id"=>"1"}
  [1m[35mPost Load (0.1ms)[0m  SELECT  "posts".* FROM "posts" WHERE "posts"."id" = ? LIMIT 1  [["id", 1]]
  Rendered posts/show.html.erb within layouts/application (0.5ms)
Completed 200 OK in 15ms (Views: 14.2ms | ActiveRecord: 0.1ms)


Started GET "/posts" for ::1 at 2019-05-24 08:21:14 -0400
Processing by PostsController#index as HTML
  [1m[36mPost Load (0.1ms)[0m  [1mSELECT "posts".* FROM "posts"[0m
  Rendered posts/index.html.erb within layouts/application (0.9ms)
Completed 200 OK in 15ms (Views: 14.3ms | ActiveRecord: 0.1ms)


Started GET "/posts" for ::1 at 2019-05-24 08:33:06 -0400
Processing by PostsController#index as HTML
  [1m[35mPost Load (0.2ms)[0m  SELECT "posts".* FROM "posts"
  Rendered posts/index.html.erb within layouts/application (4.3ms)
Completed 200 OK in 24ms (Views: 21.6ms | ActiveRecord: 0.5ms)


Started GET "/posts" for ::1 at 2019-05-24 08:33:08 -0400
Processing by PostsController#index as HTML
  [1m[36mPost Load (0.1ms)[0m  [1mSELECT "posts".* FROM "posts"[0m
  Rendered posts/index.html.erb within layouts/application (0.5ms)
Completed 200 OK in 14ms (Views: 13.7ms | ActiveRecord: 0.1ms)


Started GET "/posts" for ::1 at 2019-05-24 08:33:21 -0400
Processing by PostsController#index as HTML
  [1m[35mPost Load (0.1ms)[0m  SELECT "posts".* FROM "posts"
  Rendered posts/index.html.erb within layouts/application (0.7ms)
Completed 200 OK in 16ms (Views: 15.8ms | ActiveRecord: 0.1ms)


Started GET "/authors" for ::1 at 2019-05-24 08:33:51 -0400

ActionController::RoutingError (No route matches [GET] "/authors"):
  actionpack (4.2.11.1) lib/action_dispatch/middleware/debug_exceptions.rb:21:in `call'
  web-console (2.3.0) lib/web_console/middleware.rb:28:in `block in call'
  web-console (2.3.0) lib/web_console/middleware.rb:18:in `catch'
  web-console (2.3.0) lib/web_console/middleware.rb:18:in `call'
  actionpack (4.2.11.1) lib/action_dispatch/middleware/show_exceptions.rb:30:in `call'
  railties (4.2.11.1) lib/rails/rack/logger.rb:38:in `call_app'
  railties (4.2.11.1) lib/rails/rack/logger.rb:20:in `block in call'
  activesupport (4.2.11.1) lib/active_support/tagged_logging.rb:68:in `block in tagged'
  activesupport (4.2.11.1) lib/active_support/tagged_logging.rb:26:in `tagged'
  activesupport (4.2.11.1) lib/active_support/tagged_logging.rb:68:in `tagged'
  railties (4.2.11.1) lib/rails/rack/logger.rb:20:in `call'
  actionpack (4.2.11.1) lib/action_dispatch/middleware/request_id.rb:21:in `call'
  rack (1.6.11) lib/rack/methodoverride.rb:22:in `call'
  rack (1.6.11) lib/rack/runtime.rb:18:in `call'
  activesupport (4.2.11.1) lib/active_support/cache/strategy/local_cache_middleware.rb:28:in `call'
  rack (1.6.11) lib/rack/lock.rb:17:in `call'
  actionpack (4.2.11.1) lib/action_dispatch/middleware/static.rb:120:in `call'
  rack (1.6.11) lib/rack/sendfile.rb:113:in `call'
  railties (4.2.11.1) lib/rails/engine.rb:518:in `call'
  railties (4.2.11.1) lib/rails/application.rb:165:in `call'
  rack (1.6.11) lib/rack/lock.rb:17:in `call'
  rack (1.6.11) lib/rack/content_length.rb:15:in `call'
  rack (1.6.11) lib/rack/handler/webrick.rb:88:in `service'
  /Users/kylefadigan/.rvm/rubies/ruby-2.5.1/lib/ruby/2.5.0/webrick/httpserver.rb:140:in `service'
  /Users/kylefadigan/.rvm/rubies/ruby-2.5.1/lib/ruby/2.5.0/webrick/httpserver.rb:96:in `run'
  /Users/kylefadigan/.rvm/rubies/ruby-2.5.1/lib/ruby/2.5.0/webrick/server.rb:307:in `block in start_thread'


  Rendered /Users/kylefadigan/.rvm/gems/ruby-2.5.1/gems/actionpack-4.2.11.1/lib/action_dispatch/middleware/templates/rescues/_trace.html.erb (14.0ms)
  Rendered /Users/kylefadigan/.rvm/gems/ruby-2.5.1/gems/actionpack-4.2.11.1/lib/action_dispatch/middleware/templates/routes/_route.html.erb (1.0ms)
  Rendered /Users/kylefadigan/.rvm/gems/ruby-2.5.1/gems/actionpack-4.2.11.1/lib/action_dispatch/middleware/templates/routes/_table.html.erb (2.6ms)
  Rendered /Users/kylefadigan/.rvm/gems/ruby-2.5.1/gems/actionpack-4.2.11.1/lib/action_dispatch/middleware/templates/rescues/_request_and_response.html.erb (1.0ms)
  Rendered /Users/kylefadigan/.rvm/gems/ruby-2.5.1/gems/actionpack-4.2.11.1/lib/action_dispatch/middleware/templates/rescues/routing_error.html.erb within rescues/layout (107.4ms)
  Rendered /Users/kylefadigan/.rvm/gems/ruby-2.5.1/gems/web-console-2.3.0/lib/web_console/templates/_markup.html.erb (0.5ms)
  Rendered /Users/kylefadigan/.rvm/gems/ruby-2.5.1/gems/web-console-2.3.0/lib/web_console/templates/_inner_console_markup.html.erb within layouts/inlined_string (0.2ms)
  Rendered /Users/kylefadigan/.rvm/gems/ruby-2.5.1/gems/web-console-2.3.0/lib/web_console/templates/_prompt_box_markup.html.erb within layouts/inlined_string (0.2ms)
  Rendered /Users/kylefadigan/.rvm/gems/ruby-2.5.1/gems/web-console-2.3.0/lib/web_console/templates/style.css.erb within layouts/inlined_string (0.3ms)
  Rendered /Users/kylefadigan/.rvm/gems/ruby-2.5.1/gems/web-console-2.3.0/lib/web_console/templates/console.js.erb within layouts/javascript (51.3ms)
  Rendered /Users/kylefadigan/.rvm/gems/ruby-2.5.1/gems/web-console-2.3.0/lib/web_console/templates/main.js.erb within layouts/javascript (0.2ms)
  Rendered /Users/kylefadigan/.rvm/gems/ruby-2.5.1/gems/web-console-2.3.0/lib/web_console/templates/error_page.js.erb within layouts/javascript (0.3ms)
  Rendered /Users/kylefadigan/.rvm/gems/ruby-2.5.1/gems/web-console-2.3.0/lib/web_console/templates/index.html.erb (122.3ms)


Started GET "/authors/show" for ::1 at 2019-05-24 08:33:58 -0400
Processing by AuthorsController#show as HTML
  [1m[36mAuthor Load (0.1ms)[0m  [1mSELECT  "authors".* FROM "authors" WHERE "authors"."id" = ? LIMIT 1[0m  [["id", nil]]
Completed 404 Not Found in 7ms (ActiveRecord: 0.4ms)

ActiveRecord::RecordNotFound (Couldn't find Author with 'id'=):
  app/controllers/authors_controller.rb:5:in `show'


  Rendered /Users/kylefadigan/.rvm/gems/ruby-2.5.1/gems/actionpack-4.2.11.1/lib/action_dispatch/middleware/templates/rescues/_source.erb (3.7ms)
  Rendered /Users/kylefadigan/.rvm/gems/ruby-2.5.1/gems/actionpack-4.2.11.1/lib/action_dispatch/middleware/templates/rescues/_trace.html.erb (2.4ms)
  Rendered /Users/kylefadigan/.rvm/gems/ruby-2.5.1/gems/actionpack-4.2.11.1/lib/action_dispatch/middleware/templates/rescues/_request_and_response.html.erb (0.8ms)
  Rendered /Users/kylefadigan/.rvm/gems/ruby-2.5.1/gems/actionpack-4.2.11.1/lib/action_dispatch/middleware/templates/rescues/diagnostics.html.erb within rescues/layout (71.7ms)
  Rendered /Users/kylefadigan/.rvm/gems/ruby-2.5.1/gems/web-console-2.3.0/lib/web_console/templates/_markup.html.erb (0.3ms)
  Rendered /Users/kylefadigan/.rvm/gems/ruby-2.5.1/gems/web-console-2.3.0/lib/web_console/templates/_inner_console_markup.html.erb within layouts/inlined_string (0.2ms)
  Rendered /Users/kylefadigan/.rvm/gems/ruby-2.5.1/gems/web-console-2.3.0/lib/web_console/templates/_prompt_box_markup.html.erb within layouts/inlined_string (0.3ms)
  Rendered /Users/kylefadigan/.rvm/gems/ruby-2.5.1/gems/web-console-2.3.0/lib/web_console/templates/style.css.erb within layouts/inlined_string (0.2ms)
  Rendered /Users/kylefadigan/.rvm/gems/ruby-2.5.1/gems/web-console-2.3.0/lib/web_console/templates/console.js.erb within layouts/javascript (56.3ms)
  Rendered /Users/kylefadigan/.rvm/gems/ruby-2.5.1/gems/web-console-2.3.0/lib/web_console/templates/main.js.erb within layouts/javascript (0.2ms)
  Rendered /Users/kylefadigan/.rvm/gems/ruby-2.5.1/gems/web-console-2.3.0/lib/web_console/templates/error_page.js.erb within layouts/javascript (0.2ms)
  Rendered /Users/kylefadigan/.rvm/gems/ruby-2.5.1/gems/web-console-2.3.0/lib/web_console/templates/index.html.erb (122.3ms)


Started GET "/authors/show/1" for ::1 at 2019-05-24 08:34:04 -0400

ActionController::RoutingError (No route matches [GET] "/authors/show/1"):
  actionpack (4.2.11.1) lib/action_dispatch/middleware/debug_exceptions.rb:21:in `call'
  web-console (2.3.0) lib/web_console/middleware.rb:28:in `block in call'
  web-console (2.3.0) lib/web_console/middleware.rb:18:in `catch'
  web-console (2.3.0) lib/web_console/middleware.rb:18:in `call'
  actionpack (4.2.11.1) lib/action_dispatch/middleware/show_exceptions.rb:30:in `call'
  railties (4.2.11.1) lib/rails/rack/logger.rb:38:in `call_app'
  railties (4.2.11.1) lib/rails/rack/logger.rb:20:in `block in call'
  activesupport (4.2.11.1) lib/active_support/tagged_logging.rb:68:in `block in tagged'
  activesupport (4.2.11.1) lib/active_support/tagged_logging.rb:26:in `tagged'
  activesupport (4.2.11.1) lib/active_support/tagged_logging.rb:68:in `tagged'
  railties (4.2.11.1) lib/rails/rack/logger.rb:20:in `call'
  actionpack (4.2.11.1) lib/action_dispatch/middleware/request_id.rb:21:in `call'
  rack (1.6.11) lib/rack/methodoverride.rb:22:in `call'
  rack (1.6.11) lib/rack/runtime.rb:18:in `call'
  activesupport (4.2.11.1) lib/active_support/cache/strategy/local_cache_middleware.rb:28:in `call'
  rack (1.6.11) lib/rack/lock.rb:17:in `call'
  actionpack (4.2.11.1) lib/action_dispatch/middleware/static.rb:120:in `call'
  rack (1.6.11) lib/rack/sendfile.rb:113:in `call'
  railties (4.2.11.1) lib/rails/engine.rb:518:in `call'
  railties (4.2.11.1) lib/rails/application.rb:165:in `call'
  rack (1.6.11) lib/rack/lock.rb:17:in `call'
  rack (1.6.11) lib/rack/content_length.rb:15:in `call'
  rack (1.6.11) lib/rack/handler/webrick.rb:88:in `service'
  /Users/kylefadigan/.rvm/rubies/ruby-2.5.1/lib/ruby/2.5.0/webrick/httpserver.rb:140:in `service'
  /Users/kylefadigan/.rvm/rubies/ruby-2.5.1/lib/ruby/2.5.0/webrick/httpserver.rb:96:in `run'
  /Users/kylefadigan/.rvm/rubies/ruby-2.5.1/lib/ruby/2.5.0/webrick/server.rb:307:in `block in start_thread'


  Rendered /Users/kylefadigan/.rvm/gems/ruby-2.5.1/gems/actionpack-4.2.11.1/lib/action_dispatch/middleware/templates/rescues/_trace.html.erb (1.9ms)
  Rendered /Users/kylefadigan/.rvm/gems/ruby-2.5.1/gems/actionpack-4.2.11.1/lib/action_dispatch/middleware/templates/routes/_route.html.erb (0.8ms)
  Rendered /Users/kylefadigan/.rvm/gems/ruby-2.5.1/gems/actionpack-4.2.11.1/lib/action_dispatch/middleware/templates/routes/_table.html.erb (1.0ms)
  Rendered /Users/kylefadigan/.rvm/gems/ruby-2.5.1/gems/actionpack-4.2.11.1/lib/action_dispatch/middleware/templates/rescues/_request_and_response.html.erb (1.1ms)
  Rendered /Users/kylefadigan/.rvm/gems/ruby-2.5.1/gems/actionpack-4.2.11.1/lib/action_dispatch/middleware/templates/rescues/routing_error.html.erb within rescues/layout (93.7ms)
  Rendered /Users/kylefadigan/.rvm/gems/ruby-2.5.1/gems/web-console-2.3.0/lib/web_console/templates/_markup.html.erb (0.2ms)
  Rendered /Users/kylefadigan/.rvm/gems/ruby-2.5.1/gems/web-console-2.3.0/lib/web_console/templates/_inner_console_markup.html.erb within layouts/inlined_string (0.2ms)
  Rendered /Users/kylefadigan/.rvm/gems/ruby-2.5.1/gems/web-console-2.3.0/lib/web_console/templates/_prompt_box_markup.html.erb within layouts/inlined_string (0.3ms)
  Rendered /Users/kylefadigan/.rvm/gems/ruby-2.5.1/gems/web-console-2.3.0/lib/web_console/templates/style.css.erb within layouts/inlined_string (0.3ms)
  Rendered /Users/kylefadigan/.rvm/gems/ruby-2.5.1/gems/web-console-2.3.0/lib/web_console/templates/console.js.erb within layouts/javascript (54.7ms)
  Rendered /Users/kylefadigan/.rvm/gems/ruby-2.5.1/gems/web-console-2.3.0/lib/web_console/templates/main.js.erb within layouts/javascript (0.3ms)
  Rendered /Users/kylefadigan/.rvm/gems/ruby-2.5.1/gems/web-console-2.3.0/lib/web_console/templates/error_page.js.erb within layouts/javascript (0.3ms)
  Rendered /Users/kylefadigan/.rvm/gems/ruby-2.5.1/gems/web-console-2.3.0/lib/web_console/templates/index.html.erb (127.0ms)


Started GET "/posts" for ::1 at 2019-05-24 08:34:46 -0400
Processing by PostsController#index as HTML
  [1m[35mPost Load (0.1ms)[0m  SELECT "posts".* FROM "posts"
  Rendered posts/index.html.erb within layouts/application (0.6ms)
Completed 200 OK in 19ms (Views: 18.7ms | ActiveRecord: 0.1ms)
